<?xml version="1.0" encoding="UTF-8"?>
<!-- Generated by org.testng.reporters.JUnitReportReporter -->
<testsuite hostname="SIPLDT1185" name="testcases.GuestUserPartyOrderPayOnline" tests="1" failures="0" timestamp="9 Feb 2017 09:40:04 GMT" time="243.379" errors="0">
  <testcase name="login" time="243.379" classname="testcases.GuestUserPartyOrderPayOnline"/>
</testsuite> <!-- testcases.GuestUserPartyOrderPayOnline -->
