<?xml version="1.0" encoding="UTF-8"?>
<!-- Generated by org.testng.reporters.JUnitReportReporter -->
<testsuite hostname="SIPLDT1185" name="testcases.RegUserMyPeiWeiRewards" tests="1" failures="0" timestamp="8 Feb 2017 09:43:43 GMT" time="24.535" errors="0">
  <testcase name="login" time="24.535" classname="testcases.RegUserMyPeiWeiRewards"/>
</testsuite> <!-- testcases.RegUserMyPeiWeiRewards -->
