<?xml version="1.0" encoding="UTF-8"?>
<!-- Generated by org.testng.reporters.JUnitReportReporter -->
<testsuite hostname="SIPLDT1185" name="testcases.GuestUserRegularPartyOrderPayOnline" tests="1" failures="0" timestamp="9 Feb 2017 09:58:51 GMT" time="219.608" errors="0">
  <testcase name="login" time="219.608" classname="testcases.GuestUserRegularPartyOrderPayOnline"/>
</testsuite> <!-- testcases.GuestUserRegularPartyOrderPayOnline -->
