<?xml version="1.0" encoding="UTF-8"?>
<!-- Generated by org.testng.reporters.JUnitReportReporter -->
<testsuite hostname="SIPLDT1185" name="testcases.GuestUserRegularPartyOrderPayAtRestaurant" tests="1" failures="0" timestamp="9 Feb 2017 09:49:01 GMT" time="51.546" errors="0">
  <testcase name="login" time="51.546" classname="testcases.GuestUserRegularPartyOrderPayAtRestaurant"/>
</testsuite> <!-- testcases.GuestUserRegularPartyOrderPayAtRestaurant -->
