<?xml version="1.0" encoding="UTF-8"?>
<!-- Generated by org.testng.reporters.JUnitReportReporter -->
<testsuite hostname="SIPLDT1185" name="testcases.RegUserRegularOrderPayAtRestaurant" tests="1" failures="0" timestamp="9 Feb 2017 05:46:13 GMT" time="46.396" errors="0">
  <testcase name="login" time="46.396" classname="testcases.RegUserRegularOrderPayAtRestaurant"/>
</testsuite> <!-- testcases.RegUserRegularOrderPayAtRestaurant -->
