<?xml version="1.0" encoding="UTF-8"?>
<!-- Generated by org.testng.reporters.JUnitReportReporter -->
<testsuite hostname="SIPLDT1185" name="testcases.GuestUserAddGiftCard" tests="1" failures="0" timestamp="8 Feb 2017 09:24:54 GMT" time="189.331" errors="0">
  <testcase name="login" time="189.331" classname="testcases.GuestUserAddGiftCard"/>
</testsuite> <!-- testcases.GuestUserAddGiftCard -->
