<?xml version="1.0" encoding="UTF-8"?>
<!-- Generated by org.testng.reporters.JUnitReportReporter -->
<testsuite hostname="SIPLDT1185" name="testcases.FooterLinks" tests="1" failures="0" timestamp="15 Feb 2017 04:36:57 GMT" time="85.188" errors="0">
  <testcase name="login" time="85.188" classname="testcases.FooterLinks"/>
</testsuite> <!-- testcases.FooterLinks -->
