<?xml version="1.0" encoding="UTF-8"?>
<!-- Generated by org.testng.reporters.JUnitReportReporter -->
<testsuite hostname="SIPLDT1185" name="testcases.FooterLinks" tests="1" failures="0" timestamp="8 Feb 2017 07:34:05 GMT" time="76.467" errors="0">
  <testcase name="login" time="76.467" classname="testcases.FooterLinks"/>
</testsuite> <!-- testcases.FooterLinks -->
