<?xml version="1.0" encoding="UTF-8"?>
<!-- Generated by org.testng.reporters.JUnitReportReporter -->
<testsuite hostname="SIPLDT1185" name="testcases.GuestUserPartyOrderPayAtRestaurant" tests="1" failures="0" timestamp="9 Feb 2017 09:03:59 GMT" time="40.906" errors="0">
  <testcase name="login" time="40.906" classname="testcases.GuestUserPartyOrderPayAtRestaurant"/>
</testsuite> <!-- testcases.GuestUserPartyOrderPayAtRestaurant -->
