<?xml version="1.0" encoding="UTF-8"?>
<!-- Generated by org.testng.reporters.JUnitReportReporter -->
<testsuite hostname="SIPLDT1185" name="testcases.RegUserAddGiftCard" tests="1" failures="0" timestamp="6 Feb 2017 09:26:59 GMT" time="204.497" errors="0">
  <testcase name="login" time="204.497" classname="testcases.RegUserAddGiftCard"/>
</testsuite> <!-- testcases.RegUserAddGiftCard -->
