<?xml version="1.0" encoding="UTF-8"?>
<!-- Generated by org.testng.reporters.JUnitReportReporter -->
<testsuite hostname="SIPLDT1185" name="testcases.RegUserAddGiftCard" tests="1" failures="0" timestamp="8 Feb 2017 09:21:22 GMT" time="197.958" errors="0">
  <testcase name="login" time="197.958" classname="testcases.RegUserAddGiftCard"/>
</testsuite> <!-- testcases.RegUserAddGiftCard -->
