<?xml version="1.0" encoding="UTF-8"?>
<!-- Generated by org.testng.reporters.JUnitReportReporter -->
<testsuite hostname="SIPLDT1185" name="testcases.ForgotPwd" tests="1" failures="0" timestamp="7 Feb 2017 09:25:07 GMT" time="91.307" errors="0">
  <testcase name="login" time="91.307" classname="testcases.ForgotPwd"/>
</testsuite> <!-- testcases.ForgotPwd -->
