<?xml version="1.0" encoding="UTF-8"?>
<!-- Generated by org.testng.reporters.JUnitReportReporter -->
<testsuite hostname="SIPLDT1185" name="testcases.RegUserMyPeiWeiRewards" tests="1" failures="0" timestamp="6 Feb 2017 09:26:59 GMT" time="50.043" errors="0">
  <testcase name="login" time="50.043" classname="testcases.RegUserMyPeiWeiRewards"/>
</testsuite> <!-- testcases.RegUserMyPeiWeiRewards -->
