<?xml version="1.0" encoding="UTF-8"?>
<!-- Generated by org.testng.reporters.JUnitReportReporter -->
<testsuite hostname="SIPLDT1185" name="testcases.GuestUserRegularOrderPayOnline" tests="1" failures="0" timestamp="9 Feb 2017 07:35:59 GMT" time="213.844" errors="0">
  <testcase name="login" time="213.844" classname="testcases.GuestUserRegularOrderPayOnline"/>
</testsuite> <!-- testcases.GuestUserRegularOrderPayOnline -->
