<?xml version="1.0" encoding="UTF-8"?>
<!-- Generated by org.testng.reporters.JUnitReportReporter -->
<testsuite hostname="SIPLDT1185" name="testcases.FooterLinks" tests="1" failures="0" timestamp="13 Feb 2017 08:49:27 GMT" time="85.902" errors="0">
  <testcase name="login" time="85.902" classname="testcases.FooterLinks"/>
</testsuite> <!-- testcases.FooterLinks -->
