<?xml version="1.0" encoding="UTF-8"?>
<!-- Generated by org.testng.reporters.JUnitReportReporter -->
<testsuite hostname="SIPLDT1185" name="testcases.RegUserPartyOrderPayAtRestaurant" tests="1" failures="0" timestamp="9 Feb 2017 06:40:26 GMT" time="49.240" errors="0">
  <testcase name="login" time="49.240" classname="testcases.RegUserPartyOrderPayAtRestaurant"/>
</testsuite> <!-- testcases.RegUserPartyOrderPayAtRestaurant -->
